<?xml version="1.0" encoding="UTF-8"?>
<!-- Generated by org.testng.reporters.JUnitReportReporter -->
<testsuite skipped="0" hostname="LAPTOP-0BPV5751" name="com.testCases.TC_LoginTest_001" tests="1" failures="0" timestamp="30 Nov 2019 15:14:45 GMT" time="6.582" errors="0">
  <testcase name="loginTest" time="6.582" classname="com.testCases.TC_LoginTest_001"/>
</testsuite> <!-- com.testCases.TC_LoginTest_001 -->
